<?xml version="1.0" encoding="UTF-8"?>
<testng-results ignored="0" total="1" passed="1" failed="0" skipped="0">
  <reporter-output>
  </reporter-output>
  <suite started-at="2022-12-27T08:50:34 IST" name="Jenkins run" finished-at="2022-12-27T08:50:39 IST" duration-ms="4343">
    <groups>
    </groups>
    <test started-at="2022-12-27T08:50:34 IST" name="Test Cases" finished-at="2022-12-27T08:50:39 IST" duration-ms="4343">
      <class name="karthi.sample.program.sampleproject">
        <test-method signature="Sampleclass()[pri:0, instance:karthi.sample.program.sampleproject@3d34d211]" started-at="2022-12-27T08:50:34 IST" name="Sampleclass" finished-at="2022-12-27T08:50:39 IST" duration-ms="4312" status="PASS">
          <reporter-output>
          </reporter-output>
        </test-method> <!-- Sampleclass -->
      </class> <!-- karthi.sample.program.sampleproject -->
    </test> <!-- Test Cases -->
  </suite> <!-- Jenkins run -->
</testng-results>
