<?xml version="1.0" encoding="UTF-8"?>
<testng-results ignored="0" total="1" passed="1" failed="0" skipped="0">
  <reporter-output>
  </reporter-output>
  <suite started-at="2022-12-23T09:35:36 IST" name="Default suite" finished-at="2022-12-23T09:35:40 IST" duration-ms="3534">
    <groups>
    </groups>
    <test started-at="2022-12-23T09:35:36 IST" name="Default test" finished-at="2022-12-23T09:35:40 IST" duration-ms="3534">
      <class name="karthi.sample.program.sampleproject">
        <test-method signature="Sampleclass()[pri:0, instance:karthi.sample.program.sampleproject@62230c58]" started-at="2022-12-23T09:35:36 IST" name="Sampleclass" finished-at="2022-12-23T09:35:40 IST" duration-ms="3491" status="PASS">
          <reporter-output>
          </reporter-output>
        </test-method> <!-- Sampleclass -->
      </class> <!-- karthi.sample.program.sampleproject -->
    </test> <!-- Default test -->
  </suite> <!-- Default suite -->
</testng-results>
